-------------------------------------------------------------------------------
Test set: com.lemonacademy.ecommerce.controller.AdminOrderControllerTest
-------------------------------------------------------------------------------
Tests run: 8, Failures: 2, Errors: 0, Skipped: 0, Time elapsed: 0.696 s <<< FAILURE! -- in com.lemonacademy.ecommerce.controller.AdminOrderControllerTest
com.lemonacademy.ecommerce.controller.AdminOrderControllerTest.getAllOrders_AsAdmin_Success -- Time elapsed: 0.032 s <<< FAILURE!
java.lang.AssertionError: At JSON path "$.data[0].id", value <23db3d7a-683b-372b-8036-95da3ae5c542> of type <java.lang.String> cannot be converted to type <java.lang.Integer>
	at org.springframework.test.util.JsonPathExpectationsHelper.assertValue(JsonPathExpectationsHelper.java:120)
	at org.springframework.test.web.servlet.result.JsonPathResultMatchers.lambda$value$2(JsonPathResultMatchers.java:111)
	at org.springframework.test.web.servlet.MockMvc$1.andExpect(MockMvc.java:214)
	at com.lemonacademy.ecommerce.controller.AdminOrderControllerTest.getAllOrders_AsAdmin_Success(AdminOrderControllerTest.java:92)
	at java.base/java.lang.reflect.Method.invoke(Method.java:580)
	at java.base/java.util.ArrayList.forEach(ArrayList.java:1596)
	at java.base/java.util.ArrayList.forEach(ArrayList.java:1596)
Caused by: com.jayway.jsonpath.spi.mapper.MappingException: java.lang.NumberFormatException: For input string: "23db3d7a-683b-372b-8036-95da3ae5c542"
	at com.jayway.jsonpath.spi.mapper.JsonSmartMappingProvider.map(JsonSmartMappingProvider.java:87)
	at com.jayway.jsonpath.internal.JsonContext.convert(JsonContext.java:117)
	at com.jayway.jsonpath.internal.JsonContext.read(JsonContext.java:82)
	at org.springframework.test.util.JsonPathExpectationsHelper.evaluateJsonPath(JsonPathExpectationsHelper.java:316)
	at org.springframework.test.util.JsonPathExpectationsHelper.assertValue(JsonPathExpectationsHelper.java:113)
	... 6 more
Caused by: java.lang.NumberFormatException: For input string: "23db3d7a-683b-372b-8036-95da3ae5c542"
	at java.base/java.lang.NumberFormatException.forInputString(NumberFormatException.java:67)
	at java.base/java.lang.Integer.parseInt(Integer.java:662)
	at java.base/java.lang.Integer.valueOf(Integer.java:989)
	at com.jayway.jsonpath.spi.mapper.JsonSmartMappingProvider$IntegerReader.convert(JsonSmartMappingProvider.java:127)
	at com.jayway.jsonpath.spi.mapper.JsonSmartMappingProvider$IntegerReader.convert(JsonSmartMappingProvider.java:108)
	at com.jayway.jsonpath.spi.mapper.JsonSmartMappingProvider.map(JsonSmartMappingProvider.java:82)
	... 10 more

com.lemonacademy.ecommerce.controller.AdminOrderControllerTest.getOrderDetails_AsAdmin_Success -- Time elapsed: 0.013 s <<< FAILURE!
java.lang.AssertionError: At JSON path "$.data.id", value <23db3d7a-683b-372b-8036-95da3ae5c542> of type <java.lang.String> cannot be converted to type <java.lang.Integer>
	at org.springframework.test.util.JsonPathExpectationsHelper.assertValue(JsonPathExpectationsHelper.java:120)
	at org.springframework.test.web.servlet.result.JsonPathResultMatchers.lambda$value$2(JsonPathResultMatchers.java:111)
	at org.springframework.test.web.servlet.MockMvc$1.andExpect(MockMvc.java:214)
	at com.lemonacademy.ecommerce.controller.AdminOrderControllerTest.getOrderDetails_AsAdmin_Success(AdminOrderControllerTest.java:113)
	at java.base/java.lang.reflect.Method.invoke(Method.java:580)
	at java.base/java.util.ArrayList.forEach(ArrayList.java:1596)
	at java.base/java.util.ArrayList.forEach(ArrayList.java:1596)
Caused by: com.jayway.jsonpath.spi.mapper.MappingException: java.lang.NumberFormatException: For input string: "23db3d7a-683b-372b-8036-95da3ae5c542"
	at com.jayway.jsonpath.spi.mapper.JsonSmartMappingProvider.map(JsonSmartMappingProvider.java:87)
	at com.jayway.jsonpath.internal.JsonContext.convert(JsonContext.java:117)
	at com.jayway.jsonpath.internal.JsonContext.read(JsonContext.java:82)
	at org.springframework.test.util.JsonPathExpectationsHelper.evaluateJsonPath(JsonPathExpectationsHelper.java:316)
	at org.springframework.test.util.JsonPathExpectationsHelper.assertValue(JsonPathExpectationsHelper.java:113)
	... 6 more
Caused by: java.lang.NumberFormatException: For input string: "23db3d7a-683b-372b-8036-95da3ae5c542"
	at java.base/java.lang.NumberFormatException.forInputString(NumberFormatException.java:67)
	at java.base/java.lang.Integer.parseInt(Integer.java:662)
	at java.base/java.lang.Integer.valueOf(Integer.java:989)
	at com.jayway.jsonpath.spi.mapper.JsonSmartMappingProvider$IntegerReader.convert(JsonSmartMappingProvider.java:127)
	at com.jayway.jsonpath.spi.mapper.JsonSmartMappingProvider$IntegerReader.convert(JsonSmartMappingProvider.java:108)
	at com.jayway.jsonpath.spi.mapper.JsonSmartMappingProvider.map(JsonSmartMappingProvider.java:82)
	... 10 more

