-------------------------------------------------------------------------------
Test set: com.lemonacademy.ecommerce.controller.AdminUserControllerTest
-------------------------------------------------------------------------------
Tests run: 3, Failures: 1, Errors: 0, Skipped: 0, Time elapsed: 0.489 s <<< FAILURE! -- in com.lemonacademy.ecommerce.controller.AdminUserControllerTest
com.lemonacademy.ecommerce.controller.AdminUserControllerTest.getAllUsers_AsAdmin_Success -- Time elapsed: 0.020 s <<< FAILURE!
java.lang.AssertionError: At JSON path "$.data[0].id", value <df4382cf-73c7-35ab-965a-b690f63e0acf> of type <java.lang.String> cannot be converted to type <java.lang.Integer>
	at org.springframework.test.util.JsonPathExpectationsHelper.assertValue(JsonPathExpectationsHelper.java:120)
	at org.springframework.test.web.servlet.result.JsonPathResultMatchers.lambda$value$2(JsonPathResultMatchers.java:111)
	at org.springframework.test.web.servlet.MockMvc$1.andExpect(MockMvc.java:214)
	at com.lemonacademy.ecommerce.controller.AdminUserControllerTest.getAllUsers_AsAdmin_Success(AdminUserControllerTest.java:80)
	at java.base/java.lang.reflect.Method.invoke(Method.java:580)
	at java.base/java.util.ArrayList.forEach(ArrayList.java:1596)
	at java.base/java.util.ArrayList.forEach(ArrayList.java:1596)
Caused by: com.jayway.jsonpath.spi.mapper.MappingException: java.lang.NumberFormatException: For input string: "df4382cf-73c7-35ab-965a-b690f63e0acf"
	at com.jayway.jsonpath.spi.mapper.JsonSmartMappingProvider.map(JsonSmartMappingProvider.java:87)
	at com.jayway.jsonpath.internal.JsonContext.convert(JsonContext.java:117)
	at com.jayway.jsonpath.internal.JsonContext.read(JsonContext.java:82)
	at org.springframework.test.util.JsonPathExpectationsHelper.evaluateJsonPath(JsonPathExpectationsHelper.java:316)
	at org.springframework.test.util.JsonPathExpectationsHelper.assertValue(JsonPathExpectationsHelper.java:113)
	... 6 more
Caused by: java.lang.NumberFormatException: For input string: "df4382cf-73c7-35ab-965a-b690f63e0acf"
	at java.base/java.lang.NumberFormatException.forInputString(NumberFormatException.java:67)
	at java.base/java.lang.Integer.parseInt(Integer.java:662)
	at java.base/java.lang.Integer.valueOf(Integer.java:989)
	at com.jayway.jsonpath.spi.mapper.JsonSmartMappingProvider$IntegerReader.convert(JsonSmartMappingProvider.java:127)
	at com.jayway.jsonpath.spi.mapper.JsonSmartMappingProvider$IntegerReader.convert(JsonSmartMappingProvider.java:108)
	at com.jayway.jsonpath.spi.mapper.JsonSmartMappingProvider.map(JsonSmartMappingProvider.java:82)
	... 10 more

