<?xml version="1.0" encoding="UTF-8"?>
<testsuite xmlns:xsi="http://www.w3.org/2001/XMLSchema-instance" xsi:noNamespaceSchemaLocation="https://maven.apache.org/surefire/maven-surefire-plugin/xsd/surefire-test-report-3.0.xsd" version="3.0" name="com.lemonacademy.ecommerce.shipping.service.ShippingServicesTest" time="0.423" tests="9" errors="2" skipped="0" failures="0">
  <properties>
[...]
</properties>
  <testcase name="testCancelShipmentSuccess" classname="com.lemonacademy.ecommerce.shipping.service.ShippingServicesTest" time="0.358">
    <system-out><![CDATA[2026-07-11T11:12:22.551+05:30  INFO 1220 --- [           main] c.l.e.s.service.IcarryShipmentService    : Cancelling shipment for order ID: 23db3d7a-683b-372b-8036-95da3ae5c542, Shipment ID: SHIP123
2026-07-11T11:12:22.569+05:30  INFO 1220 --- [           main] c.l.e.s.service.IcarryShipmentService    : Shipment cancelled successfully for order ID: 23db3d7a-683b-372b-8036-95da3ae5c542
]]></system-out>
  </testcase>
  <testcase name="testWebhookProcessing" classname="com.lemonacademy.ecommerce.shipping.service.ShippingServicesTest" time="0.005">
    <system-out><![CDATA[2026-07-11T11:12:22.575+05:30  INFO 1220 --- [           main] c.l.e.s.service.IcarryWebhookService     : Received iCarry Webhook. AWB: AWB123, Status code: 21
2026-07-11T11:12:22.576+05:30  INFO 1220 --- [           main] c.l.e.s.service.IcarryWebhookService     : Updating order ID: 23db3d7a-683b-372b-8036-95da3ae5c542 via Webhook. ShipmentStatus -> DELIVERED, OrderStatus -> DELIVERED
]]></system-out>
  </testcase>
  <testcase name="testTrackShipment" classname="com.lemonacademy.ecommerce.shipping.service.ShippingServicesTest" time="0.022">
    <error message="Tracking API failed: &#10;Strict stubbing argument mismatch. Please check:&#10; - this invocation of &apos;post&apos; method:&#10;    client.post(&#10;    &quot;/api_track_shipment&quot;,&#10;    {&quot;awb&quot; = [AWB123]},&#10;    true&#10;);&#10;    -&gt; at com.lemonacademy.ecommerce.shipping.service.IcarryTrackingService.trackShipment(IcarryTrackingService.java:44)&#10; - has following stubbing(s) with different arguments:&#10;    1. client.post(null, null, false);&#10;      -&gt; at com.lemonacademy.ecommerce.shipping.service.ShippingServicesTest.testTrackShipment(ShippingServicesTest.java:170)&#10;Typically, stubbing argument mismatch indicates user mistake when writing tests.&#10;Mockito fails early so that you can debug potential problem easily.&#10;However, there are legit scenarios when this exception generates false negative signal:&#10;  - stubbing the same method multiple times using &apos;given().will()&apos; or &apos;when().then()&apos; API&#10;    Please use &apos;will().given()&apos; or &apos;doReturn().when()&apos; API for stubbing.&#10;  - stubbed method is intentionally invoked with different arguments by code under test&#10;    Please use default or &apos;silent&apos; JUnit Rule (equivalent of Strictness.LENIENT).&#10;For more information see javadoc for PotentialStubbingProblem class." type="com.lemonacademy.ecommerce.shipping.exception.IcarryApiException"><![CDATA[com.lemonacademy.ecommerce.shipping.exception.IcarryApiException: 
Tracking API failed: 
Strict stubbing argument mismatch. Please check:
 - this invocation of 'post' method:
    client.post(
    "/api_track_shipment",
    {"awb" = [AWB123]},
    true
);
    -> at com.lemonacademy.ecommerce.shipping.service.IcarryTrackingService.trackShipment(IcarryTrackingService.java:44)
 - has following stubbing(s) with different arguments:
    1. client.post(null, null, false);
      -> at com.lemonacademy.ecommerce.shipping.service.ShippingServicesTest.testTrackShipment(ShippingServicesTest.java:170)
Typically, stubbing argument mismatch indicates user mistake when writing tests.
Mockito fails early so that you can debug potential problem easily.
However, there are legit scenarios when this exception generates false negative signal:
  - stubbing the same method multiple times using 'given().will()' or 'when().then()' API
    Please use 'will().given()' or 'doReturn().when()' API for stubbing.
  - stubbed method is intentionally invoked with different arguments by code under test
    Please use default or 'silent' JUnit Rule (equivalent of Strictness.LENIENT).
For more information see javadoc for PotentialStubbingProblem class.
	at com.lemonacademy.ecommerce.shipping.service.IcarryTrackingService.trackShipment(IcarryTrackingService.java:78)
	at com.lemonacademy.ecommerce.shipping.service.ShippingServicesTest.testTrackShipment(ShippingServicesTest.java:172)
	at java.base/java.lang.reflect.Method.invoke(Method.java:580)
	at java.base/java.util.ArrayList.forEach(ArrayList.java:1596)
	at java.base/java.util.ArrayList.forEach(ArrayList.java:1596)
Caused by: org.mockito.exceptions.misusing.PotentialStubbingProblem: 
Strict stubbing argument mismatch. Please check:
 - this invocation of 'post' method:
    client.post(
    "/api_track_shipment",
    {"awb" = [AWB123]},
    true
);
    -> at com.lemonacademy.ecommerce.shipping.service.IcarryTrackingService.trackShipment(IcarryTrackingService.java:44)
 - has following stubbing(s) with different arguments:
    1. client.post(null, null, false);
      -> at com.lemonacademy.ecommerce.shipping.service.ShippingServicesTest.testTrackShipment(ShippingServicesTest.java:170)
Typically, stubbing argument mismatch indicates user mistake when writing tests.
Mockito fails early so that you can debug potential problem easily.
However, there are legit scenarios when this exception generates false negative signal:
  - stubbing the same method multiple times using 'given().will()' or 'when().then()' API
    Please use 'will().given()' or 'doReturn().when()' API for stubbing.
  - stubbed method is intentionally invoked with different arguments by code under test
    Please use default or 'silent' JUnit Rule (equivalent of Strictness.LENIENT).
For more information see javadoc for PotentialStubbingProblem class.
	at com.lemonacademy.ecommerce.shipping.client.IcarryClient.post(IcarryClient.java:43)
	at com.lemonacademy.ecommerce.shipping.service.IcarryTrackingService.trackShipment(IcarryTrackingService.java:44)
	... 4 more
]]></error>
    <system-out><![CDATA[2026-07-11T11:12:22.580+05:30  INFO 1220 --- [           main] c.l.e.s.service.IcarryTrackingService    : Requesting tracking details from iCarry for AWB: AWB123
2026-07-11T11:12:22.599+05:30 ERROR 1220 --- [           main] c.l.e.s.service.IcarryTrackingService    : Unexpected error tracking AWB AWB123: 
Strict stubbing argument mismatch. Please check:
 - this invocation of 'post' method:
    client.post(
    "/api_track_shipment",
    {"awb" = [AWB123]},
    true
);
    -> at com.lemonacademy.ecommerce.shipping.service.IcarryTrackingService.trackShipment(IcarryTrackingService.java:44)
 - has following stubbing(s) with different arguments:
    1. client.post(null, null, false);
      -> at com.lemonacademy.ecommerce.shipping.service.ShippingServicesTest.testTrackShipment(ShippingServicesTest.java:170)
Typically, stubbing argument mismatch indicates user mistake when writing tests.
Mockito fails early so that you can debug potential problem easily.
However, there are legit scenarios when this exception generates false negative signal:
  - stubbing the same method multiple times using 'given().will()' or 'when().then()' API
    Please use 'will().given()' or 'doReturn().when()' API for stubbing.
  - stubbed method is intentionally invoked with different arguments by code under test
    Please use default or 'silent' JUnit Rule (equivalent of Strictness.LENIENT).
For more information see javadoc for PotentialStubbingProblem class.
]]></system-out>
  </testcase>
  <testcase name="testGenerateLabel" classname="com.lemonacademy.ecommerce.shipping.service.ShippingServicesTest" time="0.005">
    <system-out><![CDATA[2026-07-11T11:12:22.605+05:30  INFO 1220 --- [           main] c.l.e.s.service.IcarryLabelService       : Generating shipping label for order ID: 23db3d7a-683b-372b-8036-95da3ae5c542, Shipment ID: SHIP123
]]></system-out>
  </testcase>
  <testcase name="testGetEstimate" classname="com.lemonacademy.ecommerce.shipping.service.ShippingServicesTest" time="0.006">
    <system-out><![CDATA[2026-07-11T11:12:22.609+05:30  INFO 1220 --- [           main] c.l.e.s.service.IcarryEstimateService    : Requesting shipment estimate from: 110001 to: 400001 for weight: 500g
]]></system-out>
  </testcase>
  <testcase name="testBookShipmentDuplicate" classname="com.lemonacademy.ecommerce.shipping.service.ShippingServicesTest" time="0.002">
    <system-out><![CDATA[2026-07-11T11:12:22.616+05:30  WARN 1220 --- [           main] c.l.e.s.service.IcarryShipmentService    : Shipment already booked for order ID: 23db3d7a-683b-372b-8036-95da3ae5c542. Shipment ID: SHIP_EXISTING
]]></system-out>
  </testcase>
  <testcase name="testCancelShipmentDuplicate" classname="com.lemonacademy.ecommerce.shipping.service.ShippingServicesTest" time="0.002"/>
  <testcase name="testPickupScheduling" classname="com.lemonacademy.ecommerce.shipping.service.ShippingServicesTest" time="0.006">
    <system-out><![CDATA[2026-07-11T11:12:22.622+05:30  INFO 1220 --- [           main] c.l.e.s.service.IcarryPickupService      : Requesting package pickup slot for order ID: 23db3d7a-683b-372b-8036-95da3ae5c542, Shipment ID: SHIP123
2026-07-11T11:12:22.623+05:30  INFO 1220 --- [           main] c.l.e.s.service.IcarryPickupService      : Pickup successfully scheduled for order ID: 23db3d7a-683b-372b-8036-95da3ae5c542
]]></system-out>
  </testcase>
  <testcase name="testBookShipmentSuccess" classname="com.lemonacademy.ecommerce.shipping.service.ShippingServicesTest" time="0.008">
    <error message="Booking failed: &#10;Strict stubbing argument mismatch. Please check:&#10; - this invocation of &apos;post&apos; method:&#10;    client.post(&#10;    &quot;/api_add_shipment_surface&quot;,&#10;    {&quot;consignee[name]&quot; = [John Doe], &quot;consignee[mobile]&quot; = [9876543210], &quot;consignee[address]&quot; = [123 Street ], &quot;consignee[city]&quot; = [New Delhi], &quot;consignee[pincode]&quot; = [110001], &quot;consignee[state]&quot; = [DL], &quot;consignee[country_code]&quot; = [IN], &quot;parcel[type]&quot; = [P], &quot;parcel[value]&quot; = [200.0], &quot;parcel[contents]&quot; = [Item A x2], &quot;weight&quot; = [500], &quot;weight_unit&quot; = [gm], &quot;length&quot; = [10], &quot;breadth&quot; = [10], &quot;height&quot; = [10], &quot;pickup_address_id&quot; = [null]},&#10;    false&#10;);&#10;    -&gt; at com.lemonacademy.ecommerce.shipping.service.IcarryShipmentService.bookShipmentForOrder(IcarryShipmentService.java:101)&#10; - has following stubbing(s) with different arguments:&#10;    1. client.post(null, null, false);&#10;      -&gt; at com.lemonacademy.ecommerce.shipping.service.ShippingServicesTest.testBookShipmentSuccess(ShippingServicesTest.java:115)&#10;Typically, stubbing argument mismatch indicates user mistake when writing tests.&#10;Mockito fails early so that you can debug potential problem easily.&#10;However, there are legit scenarios when this exception generates false negative signal:&#10;  - stubbing the same method multiple times using &apos;given().will()&apos; or &apos;when().then()&apos; API&#10;    Please use &apos;will().given()&apos; or &apos;doReturn().when()&apos; API for stubbing.&#10;  - stubbed method is intentionally invoked with different arguments by code under test&#10;    Please use default or &apos;silent&apos; JUnit Rule (equivalent of Strictness.LENIENT).&#10;For more information see javadoc for PotentialStubbingProblem class." type="com.lemonacademy.ecommerce.shipping.exception.IcarryApiException"><![CDATA[com.lemonacademy.ecommerce.shipping.exception.IcarryApiException: 
Booking failed: 
Strict stubbing argument mismatch. Please check:
 - this invocation of 'post' method:
    client.post(
    "/api_add_shipment_surface",
    {"consignee[name]" = [John Doe], "consignee[mobile]" = [9876543210], "consignee[address]" = [123 Street ], "consignee[city]" = [New Delhi], "consignee[pincode]" = [110001], "consignee[state]" = [DL], "consignee[country_code]" = [IN], "parcel[type]" = [P], "parcel[value]" = [200.0], "parcel[contents]" = [Item A x2], "weight" = [500], "weight_unit" = [gm], "length" = [10], "breadth" = [10], "height" = [10], "pickup_address_id" = [null]},
    false
);
    -> at com.lemonacademy.ecommerce.shipping.service.IcarryShipmentService.bookShipmentForOrder(IcarryShipmentService.java:101)
 - has following stubbing(s) with different arguments:
    1. client.post(null, null, false);
      -> at com.lemonacademy.ecommerce.shipping.service.ShippingServicesTest.testBookShipmentSuccess(ShippingServicesTest.java:115)
Typically, stubbing argument mismatch indicates user mistake when writing tests.
Mockito fails early so that you can debug potential problem easily.
However, there are legit scenarios when this exception generates false negative signal:
  - stubbing the same method multiple times using 'given().will()' or 'when().then()' API
    Please use 'will().given()' or 'doReturn().when()' API for stubbing.
  - stubbed method is intentionally invoked with different arguments by code under test
    Please use default or 'silent' JUnit Rule (equivalent of Strictness.LENIENT).
For more information see javadoc for PotentialStubbingProblem class.
	at com.lemonacademy.ecommerce.shipping.service.IcarryShipmentService.bookShipmentForOrder(IcarryShipmentService.java:148)
	at com.lemonacademy.ecommerce.shipping.service.ShippingServicesTest.testBookShipmentSuccess(ShippingServicesTest.java:120)
	at java.base/java.lang.reflect.Method.invoke(Method.java:580)
	at java.base/java.util.ArrayList.forEach(ArrayList.java:1596)
	at java.base/java.util.ArrayList.forEach(ArrayList.java:1596)
Caused by: org.mockito.exceptions.misusing.PotentialStubbingProblem: 
Strict stubbing argument mismatch. Please check:
 - this invocation of 'post' method:
    client.post(
    "/api_add_shipment_surface",
    {"consignee[name]" = [John Doe], "consignee[mobile]" = [9876543210], "consignee[address]" = [123 Street ], "consignee[city]" = [New Delhi], "consignee[pincode]" = [110001], "consignee[state]" = [DL], "consignee[country_code]" = [IN], "parcel[type]" = [P], "parcel[value]" = [200.0], "parcel[contents]" = [Item A x2], "weight" = [500], "weight_unit" = [gm], "length" = [10], "breadth" = [10], "height" = [10], "pickup_address_id" = [null]},
    false
);
    -> at com.lemonacademy.ecommerce.shipping.service.IcarryShipmentService.bookShipmentForOrder(IcarryShipmentService.java:101)
 - has following stubbing(s) with different arguments:
    1. client.post(null, null, false);
      -> at com.lemonacademy.ecommerce.shipping.service.ShippingServicesTest.testBookShipmentSuccess(ShippingServicesTest.java:115)
Typically, stubbing argument mismatch indicates user mistake when writing tests.
Mockito fails early so that you can debug potential problem easily.
However, there are legit scenarios when this exception generates false negative signal:
  - stubbing the same method multiple times using 'given().will()' or 'when().then()' API
    Please use 'will().given()' or 'doReturn().when()' API for stubbing.
  - stubbed method is intentionally invoked with different arguments by code under test
    Please use default or 'silent' JUnit Rule (equivalent of Strictness.LENIENT).
For more information see javadoc for PotentialStubbingProblem class.
	at com.lemonacademy.ecommerce.shipping.client.IcarryClient.post(IcarryClient.java:43)
	at com.lemonacademy.ecommerce.shipping.service.IcarryShipmentService.bookShipmentForOrder(IcarryShipmentService.java:101)
	... 4 more
]]></error>
    <system-out><![CDATA[2026-07-11T11:12:22.628+05:30  INFO 1220 --- [           main] c.l.e.s.service.IcarryShipmentService    : Booking shipment with iCarry for order ID: 23db3d7a-683b-372b-8036-95da3ae5c542
2026-07-11T11:12:22.631+05:30 ERROR 1220 --- [           main] c.l.e.s.service.IcarryShipmentService    : Unexpected error booking shipment for order 23db3d7a-683b-372b-8036-95da3ae5c542: 
Strict stubbing argument mismatch. Please check:
 - this invocation of 'post' method:
    client.post(
    "/api_add_shipment_surface",
    {"consignee[name]" = [John Doe], "consignee[mobile]" = [9876543210], "consignee[address]" = [123 Street ], "consignee[city]" = [New Delhi], "consignee[pincode]" = [110001], "consignee[state]" = [DL], "consignee[country_code]" = [IN], "parcel[type]" = [P], "parcel[value]" = [200.0], "parcel[contents]" = [Item A x2], "weight" = [500], "weight_unit" = [gm], "length" = [10], "breadth" = [10], "height" = [10], "pickup_address_id" = [null]},
    false
);
    -> at com.lemonacademy.ecommerce.shipping.service.IcarryShipmentService.bookShipmentForOrder(IcarryShipmentService.java:101)
 - has following stubbing(s) with different arguments:
    1. client.post(null, null, false);
      -> at com.lemonacademy.ecommerce.shipping.service.ShippingServicesTest.testBookShipmentSuccess(ShippingServicesTest.java:115)
Typically, stubbing argument mismatch indicates user mistake when writing tests.
Mockito fails early so that you can debug potential problem easily.
However, there are legit scenarios when this exception generates false negative signal:
  - stubbing the same method multiple times using 'given().will()' or 'when().then()' API
    Please use 'will().given()' or 'doReturn().when()' API for stubbing.
  - stubbed method is intentionally invoked with different arguments by code under test
    Please use default or 'silent' JUnit Rule (equivalent of Strictness.LENIENT).
For more information see javadoc for PotentialStubbingProblem class.
]]></system-out>
  </testcase>
</testsuite>