<?xml version="1.0" encoding="UTF-8"?>
<testsuite xmlns:xsi="http://www.w3.org/2001/XMLSchema-instance" xsi:noNamespaceSchemaLocation="https://maven.apache.org/surefire/maven-surefire-plugin/xsd/surefire-test-report-3.0.xsd" version="3.0" name="com.lemonacademy.ecommerce.shipping.service.PdfReaderTest" time="1.213" tests="1" errors="0" skipped="0" failures="0">
  <properties>
[...]
</properties>
  <testcase name="testReadPdf" classname="com.lemonacademy.ecommerce.shipping.service.PdfReaderTest" time="1.178">
    <system-out><![CDATA[========== PDF TEXT EXTRACTED (Length: 59988) ==========
[PDF ESTIMATE LINE 180] Request URL : 
[PDF ESTIMATE LINE 181]  
[PDF ESTIMATE LINE 182] https://www.icarry.in/api_get_estimate&api_token=<api_token> 
[PDF ESTIMATE LINE 183]  
[PDF ESTIMATE LINE 184] Method: POST 
[PDF ESTIMATE LINE 185]  
[PDF ESTIMATE LINE 186] Request Body Parameters 
[PDF ESTIMATE LINE 187]  
[PDF ESTIMATE LINE 188] Parameter Required Description 
[PDF ESTIMATE LINE 189]  
[PDF ESTIMATE LINE 190]  
[PDF ESTIMATE LINE 191]  
[PDF ESTIMATE LINE 192] length 
[PDF ESTIMATE LINE 193]  
[PDF ESTIMATE LINE 194]  
[PDF ESTIMATE LINE 195]  
[PDF ESTIMATE LINE 196] Yes 
[PDF ESTIMATE LINE 197] Data type: integer 
[PDF ESTIMATE LINE 198]  
[PDF ESTIMATE LINE 199] Notes: Length in centimeters of the parcel being shipped 
[PDF ESTIMATE LINE 200]  
[PDF ESTIMATE LINE 201] Example: 
[PDF ESTIMATE LINE 202]  
[PDF ESTIMATE LINE 203] $shipment[‘length’] = 10; 
[PDF ESTIMATE LINE 204]  
[PDF ESTIMATE LINE 205]  
[PDF ESTIMATE LINE 206]  
[PDF ESTIMATE LINE 207] breadth 
[PDF ESTIMATE LINE 208]  
[PDF ESTIMATE LINE 209]  
[PDF ESTIMATE LINE 210]  
[PDF ESTIMATE LINE 211] Yes 
[PDF ESTIMATE LINE 212] Data type: integer 
[PDF ESTIMATE LINE 213]  
[PDF ESTIMATE LINE 214] Notes: Breadth in centimeters of the parcel being shipped 
[PDF ESTIMATE LINE 215]  
[PDF ESTIMATE LINE 216] Example: 
[PDF ESTIMATE LINE 217]  
[PDF ESTIMATE LINE 218] $shipment[‘breadth’] = 10; 
[PDF ESTIMATE LINE 219]  
[PDF ESTIMATE LINE 220]  
[PDF ESTIMATE LINE 221]  
[PDF ESTIMATE LINE 222] height 
[PDF ESTIMATE LINE 223]  
[PDF ESTIMATE LINE 224]  
[PDF ESTIMATE LINE 225]  
[PDF ESTIMATE LINE 226] Yes 
[PDF ESTIMATE LINE 227] Data type: integer 
[PDF ESTIMATE LINE 228]  
[PDF ESTIMATE LINE 229] Notes: Height in centimeters of the parcel being shipped 
[PDF ESTIMATE LINE 230]  
[PDF ESTIMATE LINE 231] Example: 
[PDF ESTIMATE LINE 232]  
[PDF ESTIMATE LINE 233] $shipment[‘height’] = 25; 
[PDF ESTIMATE LINE 234] weight Yes Data type: integer 
[PDF ESTIMATE LINE 235]  
[PDF ESTIMATE LINE 236] Notes: Weight in grams of the parcel being shipped 
[PDF ESTIMATE LINE 237]  
[PDF ESTIMATE LINE 238] Example: 
[PDF ESTIMATE LINE 239]  
[PDF ESTIMATE LINE 240] $shipment[‘weight’] = 520; 
[PDF ESTIMATE LINE 241] 6 iCarry.in Proprietary & Confidential 
[PDF ESTIMATE LINE 242]  
[PDF ESTIMATE LINE 243]  
[PDF ESTIMATE LINE 244] Parameter Required Description 
[PDF ESTIMATE LINE 245]  
[PDF ESTIMATE LINE 246]  
[PDF ESTIMATE LINE 247]  
[PDF ESTIMATE LINE 248] destination_pincode 
[PDF ESTIMATE LINE 249]  
[PDF ESTIMATE LINE 250]  
[PDF ESTIMATE LINE 251]  
[PDF ESTIMATE LINE 252] Yes 
[PDF ESTIMATE LINE 253] Data type: integer  
[PDF ESTIMATE LINE 254]  
[PDF ESTIMATE LINE 255] Notes: Postal code of recipient  
[PDF ESTIMATE LINE 256]  
[PDF ESTIMATE LINE 257] Example: 
[PDF ESTIMATE LINE 258] $shipment[‘destination_pincode’] = ‘560068’; 
[PDF ESTIMATE LINE 259]  
[PDF ESTIMATE LINE 260]  
[PDF ESTIMATE LINE 261]  
[PDF ESTIMATE LINE 262] origin_pincode 
[PDF ESTIMATE LINE 263]  
[PDF ESTIMATE LINE 264]  
[PDF ESTIMATE LINE 265]  
[PDF ESTIMATE LINE 266] Yes 
[PDF ESTIMATE LINE 267] Data type: integer  
[PDF ESTIMATE LINE 268]  
[PDF ESTIMATE LINE 269] Notes: Postal code of pickup (sender)  
[PDF ESTIMATE LINE 270]  
[PDF ESTIMATE LINE 271] Example: 
[PDF ESTIMATE LINE 272] $shipment[‘origin_pincode’] = ‘400081’; 
[PDF ESTIMATE LINE 273]  
[PDF ESTIMATE LINE 274]  
[PDF ESTIMATE LINE 275]  
[PDF ESTIMATE LINE 276] destination_country_code 
[PDF ESTIMATE LINE 277]  
[PDF ESTIMATE LINE 278]  
[PDF ESTIMATE LINE 279]  
[PDF ESTIMATE LINE 280] Yes 
[PDF ESTIMATE LINE 281] Data type: 2 characters 
[PDF ESTIMATE LINE 282]  
[PDF ESTIMATE LINE 283] Notes: Country Code of Destination address 
[PDF ESTIMATE LINE 284]  
[PDF ESTIMATE LINE 285] Example: 
[PDF ESTIMATE LINE 286]  
[PDF ESTIMATE LINE 287] $shipment[‘destination_country_code’] = ‘IN’; (only IN is supported) 
[PDF ESTIMATE LINE 288]  
[PDF ESTIMATE LINE 289]  
[PDF ESTIMATE LINE 290]  
[PDF ESTIMATE LINE 291] origin_country_code 
[PDF ESTIMATE LINE 292]  
[PDF ESTIMATE LINE 293]  
[PDF ESTIMATE LINE 294]  
[PDF ESTIMATE LINE 295] Yes 
[PDF ESTIMATE LINE 296] Data type: 2 characters 
[PDF ESTIMATE LINE 297]  
[PDF ESTIMATE LINE 298] Notes: Country Code of Pickup address 
[PDF ESTIMATE LINE 299]  
[PDF ESTIMATE LINE 300] Example: 
[PDF ESTIMATE LINE 301]  
[PDF ESTIMATE LINE 302] $shipment[‘origin_country_code’] = ‘IN’; (only IN is supported) 
[PDF ESTIMATE LINE 303]  
[PDF ESTIMATE LINE 304] shipment_mode 
[PDF ESTIMATE LINE 305]  
[PDF ESTIMATE LINE 306] Yes 
[PDF ESTIMATE LINE 307] Data type: 1 character enum ( E | P | H ) Notes: E – Express / Air, S 
[PDF ESTIMATE LINE 308] – Surface, H – Hyperlocal (Same Day)  
[PDF ESTIMATE LINE 309]  
[PDF ESTIMATE LINE 310] Example: 
[PDF ESTIMATE LINE 311] $shipment[‘shipment_mode’] = ‘E’; 
[PDF ESTIMATE LINE 312] shipment_type Yes Data type: 1 character enum ( C | P ) 
[PDF ESTIMATE LINE 313]  
[PDF ESTIMATE LINE 314] Notes: C – COD, P - Prepaid 
[PDF ESTIMATE LINE 315]  
[PDF ESTIMATE LINE 316] Example: 
[PDF ESTIMATE LINE 317]  
[PDF ESTIMATE LINE 318] $shipment[‘shipment_type’] = ‘P’; 
[PDF ESTIMATE LINE 319]  
[PDF ESTIMATE LINE 320]  
[PDF ESTIMATE LINE 321]  
[PDF ESTIMATE LINE 322]  
[PDF ESTIMATE LINE 323]  
[PDF ESTIMATE LINE 324] shipment_value 
[PDF ESTIMATE LINE 325]  
[PDF ESTIMATE LINE 326]  
[PDF ESTIMATE LINE 327]  
[PDF ESTIMATE LINE 328]  
[PDF ESTIMATE LINE 329] Yes 
[PDF ESTIMATE LINE 330] Data type: float 
[PDF ESTIMATE LINE 331]  
[PDF ESTIMATE LINE 332] Notes: Declared value of shipment. In case of COD shipment the 
[PDF ESTIMATE LINE 333] amount mentioned here will be collected from the shipment recipient 
[PDF ESTIMATE LINE 334] at time of delivery 
[PDF ESTIMATE LINE 335]  
[PDF ESTIMATE LINE 336] Example: 
[PDF ESTIMATE LINE 337]  
[PDF ESTIMATE LINE 338] $shipment[‘shipment_value’] = ‘1000’; 
[PDF ESTIMATE LINE 339] 7 iCarry.in Proprietary & Confidential 
[PDF ESTIMATE LINE 340]  
[PDF ESTIMATE LINE 341]  
[PDF ESTIMATE LINE 342]  
[PDF ESTIMATE LINE 343] Parameter Required Description 
[PDF ESTIMATE LINE 344] sender_address Yes (only 
[PDF ESTIMATE LINE 345] for mode 
[PDF ESTIMATE LINE 346] ‘H’) 
[PDF ESTIMATE LINE 347] Data type: alphanumeric characters  
[PDF ESTIMATE LINE 348]  
[PDF ESTIMATE LINE 349] Notes: Detailed and Complete address of the sender  
[PDF ESTIMATE LINE 350]  
[PDF ESTIMATE LINE 351] Example: 
[PDF ESTIMATE LINE 352]  
[PDF ESTIMATE LINE 353] $shipment[‘sender_address’] = ‘B-307 Ravi Sagar Apartment, Sunder 
[PDF ESTIMATE LINE 354] Nager locality’; 
[PDF ESTIMATE LINE 355] sender_city Yes (only 
[PDF ESTIMATE LINE 356] for mode 
[PDF ESTIMATE LINE 357] ‘H’) 
[PDF ESTIMATE LINE 358] Data type: alphanumeric characters  
[PDF ESTIMATE LINE 359]  
[PDF ESTIMATE LINE 360] Notes: Sender city name  
[PDF ESTIMATE LINE 361]  
[PDF ESTIMATE LINE 362] Example: 
[PDF ESTIMATE LINE 363]  
[PDF ESTIMATE LINE 364] $shipment[‘sender_city’] = ‘Mumbai’; 
[PDF ESTIMATE LINE 365] consignee_address Yes (only 
[PDF ESTIMATE LINE 366] for mode 
[PDF ESTIMATE LINE 367] ‘H’) 
[PDF ESTIMATE LINE 368] Data type: alphanumeric characters  
[PDF ESTIMATE LINE 369]  
[PDF ESTIMATE LINE 370] Notes: Detailed and Complete address of the sender  
[PDF ESTIMATE LINE 371]  
[PDF ESTIMATE LINE 372] Example: 
[PDF ESTIMATE LINE 373]  
[PDF ESTIMATE LINE 374] $shipment[‘consignee_address’] = ‘B-307 Ravi Sagar Apartment, 
[PDF ESTIMATE LINE 375] Sunder Nager locality’; 
[PDF ESTIMATE LINE 376] consignee_city Yes (only 
[PDF ESTIMATE LINE 377] for mode 
[PDF ESTIMATE LINE 378] ‘H’) 
[PDF ESTIMATE LINE 379] Data type: alphanumeric characters  
[PDF ESTIMATE LINE 380]  
[PDF ESTIMATE LINE 381] Notes: Detailed and Complete address of the sender  
[PDF ESTIMATE LINE 382]  
[PDF ESTIMATE LINE 383] Example: 
[PDF ESTIMATE LINE 384]  
[PDF ESTIMATE LINE 385] $shipment[‘consignee_city’] = ‘Mumbai’; 
[PDF ESTIMATE LINE 386]  
[PDF ESTIMATE LINE 387]  
[PDF ESTIMATE LINE 388] Successful Response 
[PDF ESTIMATE LINE 389] { 
[PDF ESTIMATE LINE 390]     "success": 1, 
[PDF ESTIMATE LINE 391]     "error": "", 
[PDF ESTIMATE LINE 392]     "estimate": [ 
[PDF ESTIMATE LINE 393]         { 
[PDF ESTIMATE LINE 394]             "courier_id": "29", 
[PDF ESTIMATE LINE 395]             "courier_name": "Xpressbees Surface", 
[PDF ESTIMATE LINE 396]             "courier_group_name": "Xpressbees", 
[PDF ESTIMATE LINE 397]             "courier_cost": "26.52" 
[PDF ESTIMATE LINE 398]         }, 
[PDF ESTIMATE LINE 399]         { 
[PDF ESTIMATE LINE 400]             "courier_id": "33", 
[PDF ESTIMATE LINE 401]             "courier_name": "", 
[PDF ESTIMATE LINE 402]             "courier_group_name": "Bluedart", 
[PDF ESTIMATE LINE 403]             "courier_cost": "41.31" 
[PDF ESTIMATE LINE 404]         } 
[PDF ESTIMATE LINE 405]     ] 
[PDF ESTIMATE LINE 406] }  
[PDF ESTIMATE LINE 407] 8 iCarry.in Proprietary & Confidential 
[PDF ESTIMATE LINE 408]  
[PDF ESTIMATE LINE 409]  
[PDF ESTIMATE LINE 410] Get ESTIMATE Multi-Box Shipment (India Rate Calculator) 
[PDF ESTIMATE LINE 411]  
[PDF ESTIMATE LINE 412] You can get estimated cost of a shipment by providing certain shipment details. In the response you will get the list of 
[PDF ESTIMATE LINE 413] couriers which can provide you service along with associated cost. This is just an estimate and actual costs deducted 
[PDF ESTIMATE LINE 414] will be dependent on the actual shipment data and any other services availed during delivery. 
========== SCANNING FOR PARCEL FIELDS ==========
[PARCEL REF LINE 973] type Yes Prepaid / COD (parcel type can have one of 
[PARCEL REF LINE 1074] "parcel[type]":"C", 
[PARCEL REF LINE 1078] "parcel[value]":"1500", 
[PARCEL REF LINE 1116] mandatory. Parcel type is mandatory. Parcel value is mandatory. Parcel contents is mandatory. " 
[PARCEL REF LINE 1242] type Yes Prepaid / COD (parcel type can have one of 
[PARCEL REF LINE 1384] parcel Yes Data Type: Array 
[PARCEL REF LINE 1387] type Yes Prepaid (parcel type can have only one value i.e. 
[PARCEL REF LINE 1511] mandatory. Parcel type is mandatory. Parcel value is mandatory. Parcel contents is mandatory. " 
[PARCEL REF LINE 2248]     "parcel_type": "Prepaid", 
[PARCEL REF LINE 2249]     "parcel_value": "₹ 1,000.00", 
]]></system-out>
  </testcase>
</testsuite>